<?xml version="1.0" encoding="UTF-8"?>
<!-- Generated by org.testng.reporters.JUnitXMLReporter -->
<testsuite ignored="0" hostname="LTIN513387" failures="0" tests="6" name="Test" time="48.246" errors="0" timestamp="2024-05-20T10:17:56 IST">
  <testcase classname="miniProject.Main" name="launchingApplication" time="11.155"/>
  <testcase classname="miniProject.Main" name="maximizeApplication" time="2.418"/>
  <testcase classname="miniProject.Main" name="searchItem" time="5.948"/>
  <testcase classname="miniProject.Main" name="validation" time="1.231"/>
  <testcase classname="miniProject.Main" name="selectDropdown" time="2.324"/>
  <testcase classname="miniProject.Main" name="writingExcel" time="0.216"/>
</testsuite> <!-- Test -->
