<?xml version="1.0" encoding="UTF-8"?>
<testng-results ignored="0" total="6" passed="5" failed="1" skipped="0">
  <reporter-output>
  </reporter-output>
  <suite started-at="2024-05-23T17:34:15 IST" name="Default suite" finished-at="2024-05-23T17:34:56 IST" duration-ms="40628">
    <groups>
    </groups>
    <test started-at="2024-05-23T17:34:15 IST" name="Default test" finished-at="2024-05-23T17:34:56 IST" duration-ms="40628">
      <class name="miniProject.Main">
        <test-method is-config="true" signature="Beforeclass()[pri:0, instance:miniProject.Main@7ce026d3]" started-at="2024-05-23T17:34:15 IST" name="Beforeclass" finished-at="2024-05-23T17:34:28 IST" duration-ms="12371" status="PASS">
          <reporter-output>
          </reporter-output>
        </test-method> <!-- Beforeclass -->
        <test-method signature="launchingApplication()[pri:1, instance:miniProject.Main@7ce026d3]" started-at="2024-05-23T17:34:28 IST" name="launchingApplication" finished-at="2024-05-23T17:34:34 IST" duration-ms="6295" status="PASS">
          <reporter-output>
          </reporter-output>
        </test-method> <!-- launchingApplication -->
        <test-method signature="maximizeApplication()[pri:2, instance:miniProject.Main@7ce026d3]" started-at="2024-05-23T17:34:34 IST" name="maximizeApplication" finished-at="2024-05-23T17:34:37 IST" duration-ms="3043" status="PASS">
          <reporter-output>
          </reporter-output>
        </test-method> <!-- maximizeApplication -->
        <test-method signature="searchItem()[pri:3, instance:miniProject.Main@7ce026d3]" started-at="2024-05-23T17:34:37 IST" name="searchItem" finished-at="2024-05-23T17:34:45 IST" duration-ms="8075" status="PASS">
          <reporter-output>
          </reporter-output>
        </test-method> <!-- searchItem -->
        <test-method signature="validation()[pri:4, instance:miniProject.Main@7ce026d3]" started-at="2024-05-23T17:34:45 IST" name="validation" finished-at="2024-05-23T17:34:47 IST" duration-ms="1420" status="PASS">
          <reporter-output>
          </reporter-output>
        </test-method> <!-- validation -->
        <test-method signature="selectDropdown()[pri:5, instance:miniProject.Main@7ce026d3]" started-at="2024-05-23T17:34:47 IST" name="selectDropdown" finished-at="2024-05-23T17:34:49 IST" duration-ms="2642" status="PASS">
          <reporter-output>
          </reporter-output>
        </test-method> <!-- selectDropdown -->
        <test-method signature="writingExcel()[pri:6, instance:miniProject.Main@7ce026d3]" started-at="2024-05-23T17:34:49 IST" name="writingExcel" finished-at="2024-05-23T17:34:49 IST" duration-ms="64" status="FAIL">
          <exception class="java.io.FileNotFoundException">
            <message>
              <![CDATA[C:\Users\2317292\eclipse-workspace\miniproject_online\TestData\Details (1).xlsx (The process cannot access the file because it is being used by another process)]]>
            </message>
            <full-stacktrace>
              <![CDATA[java.io.FileNotFoundException: C:\Users\2317292\eclipse-workspace\miniproject_online\TestData\Details (1).xlsx (The process cannot access the file because it is being used by another process)
at java.base/java.io.FileOutputStream.open0(Native Method)
at java.base/java.io.FileOutputStream.open(FileOutputStream.java:293)
at java.base/java.io.FileOutputStream.<init>(FileOutputStream.java:235)
at java.base/java.io.FileOutputStream.<init>(FileOutputStream.java:123)
at miniProject.ExcelUtils.setCellData(ExcelUtils.java:82)
at miniProject.Main.writingExcel(Main.java:90)
at java.base/jdk.internal.reflect.NativeMethodAccessorImpl.invoke0(Native Method)
at java.base/jdk.internal.reflect.NativeMethodAccessorImpl.invoke(NativeMethodAccessorImpl.java:77)
at java.base/jdk.internal.reflect.DelegatingMethodAccessorImpl.invoke(DelegatingMethodAccessorImpl.java:43)
at java.base/java.lang.reflect.Method.invoke(Method.java:568)
at org.testng.internal.invokers.MethodInvocationHelper.invokeMethod(MethodInvocationHelper.java:141)
at org.testng.internal.invokers.TestInvoker.invokeMethod(TestInvoker.java:686)
at org.testng.internal.invokers.TestInvoker.invokeTestMethod(TestInvoker.java:230)
at org.testng.internal.invokers.MethodRunner.runInSequence(MethodRunner.java:63)
at org.testng.internal.invokers.TestInvoker$MethodInvocationAgent.invoke(TestInvoker.java:992)
at org.testng.internal.invokers.TestInvoker.invokeTestMethods(TestInvoker.java:203)
at org.testng.internal.invokers.TestMethodWorker.invokeTestMethods(TestMethodWorker.java:154)
at org.testng.internal.invokers.TestMethodWorker.run(TestMethodWorker.java:134)
at java.base/java.util.ArrayList.forEach(ArrayList.java:1511)
at org.testng.TestRunner.privateRun(TestRunner.java:739)
at org.testng.TestRunner.run(TestRunner.java:614)
at org.testng.SuiteRunner.runTest(SuiteRunner.java:421)
at org.testng.SuiteRunner.runSequentially(SuiteRunner.java:413)
at org.testng.SuiteRunner.privateRun(SuiteRunner.java:373)
at org.testng.SuiteRunner.run(SuiteRunner.java:312)
at org.testng.SuiteRunnerWorker.runSuite(SuiteRunnerWorker.java:52)
at org.testng.SuiteRunnerWorker.run(SuiteRunnerWorker.java:95)
at org.testng.TestNG.runSuitesSequentially(TestNG.java:1274)
at org.testng.TestNG.runSuitesLocally(TestNG.java:1208)
at org.testng.TestNG.runSuites(TestNG.java:1112)
at org.testng.TestNG.run(TestNG.java:1079)
at org.testng.remote.AbstractRemoteTestNG.run(AbstractRemoteTestNG.java:115)
at org.testng.remote.RemoteTestNG.initAndRun(RemoteTestNG.java:293)
at org.testng.remote.RemoteTestNG.main(RemoteTestNG.java:91)
]]>
            </full-stacktrace>
          </exception> <!-- java.io.FileNotFoundException -->
          <reporter-output>
          </reporter-output>
        </test-method> <!-- writingExcel -->
        <test-method is-config="true" signature="afterclass()[pri:0, instance:miniProject.Main@7ce026d3]" started-at="2024-05-23T17:34:49 IST" name="afterclass" finished-at="2024-05-23T17:34:56 IST" duration-ms="6167" status="PASS">
          <reporter-output>
          </reporter-output>
        </test-method> <!-- afterclass -->
      </class> <!-- miniProject.Main -->
    </test> <!-- Default test -->
  </suite> <!-- Default suite -->
</testng-results>
